[debug] [2017-09-23T14:57:17.796Z] ----------------------------------------------------------------------
[debug] [2017-09-23T14:57:17.799Z] Command:       /usr/bin/node /home/kul/software/yarn_global/bin/firebase deploy --only functions
[debug] [2017-09-23T14:57:17.800Z] CLI Version:   3.12.0
[debug] [2017-09-23T14:57:17.800Z] Platform:      linux
[debug] [2017-09-23T14:57:17.800Z] Node Version:  v8.5.0
[debug] [2017-09-23T14:57:17.800Z] Time:          Sat Sep 23 2017 20:27:17 GMT+0530 (IST)
[debug] [2017-09-23T14:57:17.800Z] ----------------------------------------------------------------------
[debug] 
[debug] [2017-09-23T14:57:17.814Z] > command requires scopes: ["email","openid","https://www.googleapis.com/auth/cloudplatformprojects.readonly","https://www.googleapis.com/auth/firebase","https://www.googleapis.com/auth/cloud-platform"]
[debug] [2017-09-23T14:57:17.814Z] > authorizing via signed-in user
[debug] [2017-09-23T14:57:17.817Z] >>> HTTP REQUEST GET https://admin.firebase.com/v1/projects/next-fb-hnpwa  
 Sat Sep 23 2017 20:27:17 GMT+0530 (IST)
[debug] [2017-09-23T14:57:20.344Z] <<< HTTP RESPONSE 200
[debug] [2017-09-23T14:57:20.346Z] >>> HTTP REQUEST GET https://admin.firebase.com/v1/database/next-fb-hnpwa/tokens  
 Sat Sep 23 2017 20:27:20 GMT+0530 (IST)
[debug] [2017-09-23T14:57:22.502Z] <<< HTTP RESPONSE 200
[info] 
[info] === Deploying to 'next-fb-hnpwa'...
[info] 
[info] i  deploying functions
[debug] [2017-09-23T14:57:26.036Z] > [functions] package.json contents: {
  "name": "next-hnpwa",
  "version": "1.0.0",
  "license": "MIT",
  "private": true,
  "scripts": {
    "dev": "concurrently \"tsc -w\" \"node server/server.js\"",
    "prod": "tsc -p tsconfig.prod.json && next build && NODE_ENV=production node server/server.js",
    "build": "tsc -p tsconfig.prod.json && next build",
    "analyze": "cross-env ANALYZE=1 next build",
    "start": "NODE_ENV=production node server/server.js",
    "postinstall": "tsc -p tsconfig.prod.json ; next build"
  },
  "engines": {
    "node": "8.x"
  },
  "dependencies": {
    "compression": "^1.7.0",
    "express": "^4.15.4",
    "firebase": "^4.3.1",
    "firebase-admin": "^5.2.1",
    "firebase-functions": "^0.6.3",
    "isomorphic-unfetch": "^2.0.0",
    "lru-cache": "^4.1.1",
    "moment": "^2.18.1",
    "next": "^3.2.2",
    "preact": "^8.2.5",
    "preact-compat": "^3.17.0",
    "react": "^15.6.1",
    "react-dom": "^15.6.1",
    "styled-jsx": "^1.0.10",
    "sw-precache": "^5.2.0",
    "sw-precache-webpack-plugin": "^0.11.4",
    "typescript": "^2.5.2",
    "webpack-bundle-analyzer": "^2.9.0"
  },
  "devDependencies": {
    "@google-cloud/nodejs-repo-tools": "^1.4.17",
    "@types/express": "^4.0.37",
    "@types/lru-cache": "^4.1.0",
    "@types/next": "^2.4.2",
    "@types/react": "^16.0.5",
    "@types/react-dom": "^15.5.4",
    "@types/webpack": "^3.0.11",
    "concurrently": "^3.5.0",
    "cross-env": "^5.0.5",
    "ts-loader": "^2.3.7"
  },
  "cloud-repo-tools": {
    "test": {
      "app": {
        "msg": "Hello, Next HNPWA!"
      }
    },
    "requiresKeyFile": true,
    "requiresProjectId": true
  }
}
[info] i  functions: ensuring necessary APIs are enabled...
[info] i  runtimeconfig: ensuring necessary APIs are enabled...
[debug] [2017-09-23T14:57:26.038Z] >>> HTTP REQUEST GET https://servicemanagement.googleapis.com/v1/services/cloudfunctions.googleapis.com/projectSettings/next-fb-hnpwa?view=CONSUMER_VIEW  
 Sat Sep 23 2017 20:27:26 GMT+0530 (IST)
[debug] [2017-09-23T14:57:26.039Z] >>> HTTP REQUEST GET https://servicemanagement.googleapis.com/v1/services/runtimeconfig.googleapis.com/projectSettings/next-fb-hnpwa?view=CONSUMER_VIEW  
 Sat Sep 23 2017 20:27:26 GMT+0530 (IST)
[debug] [2017-09-23T14:57:28.592Z] <<< HTTP RESPONSE 200
[info] ✔  runtimeconfig: all necessary APIs are enabled
[debug] [2017-09-23T14:57:28.735Z] <<< HTTP RESPONSE 200
[info] ✔  functions: all necessary APIs are enabled
[debug] [2017-09-23T14:57:28.739Z] >>> HTTP REQUEST GET https://appengine.googleapis.com/v1/apps/next-fb-hnpwa  
 Sat Sep 23 2017 20:27:28 GMT+0530 (IST)
[debug] [2017-09-23T14:57:28.740Z] >>> HTTP REQUEST GET https://apikeys.googleapis.com/v1/projects/next-fb-hnpwa/apiKeys  
 Sat Sep 23 2017 20:27:28 GMT+0530 (IST)
[debug] [2017-09-23T14:57:31.165Z] <<< HTTP RESPONSE 200
[debug] [2017-09-23T14:57:31.457Z] <<< HTTP RESPONSE 200
[info] i  functions: preparing app directory for uploading...
[debug] [2017-09-23T14:57:33.437Z] >>> HTTP REQUEST GET https://runtimeconfig.googleapis.com/v1beta1/projects/next-fb-hnpwa/configs  
 Sat Sep 23 2017 20:27:33 GMT+0530 (IST)
[debug] [2017-09-23T14:57:34.334Z] <<< HTTP RESPONSE 200
[error] 
[error] Error: There was an unknown problem while trying to parse function triggers. Please ensure you are using Node.js v6 or greater.
